app/build/outputs/logs/manifest-merger-debug-report.txt
-- Merging decision tree log ---
manifest
ADDED from src/main/AndroidManifest.xml:2:1-46:12
	package
		ADDED from src/main/AndroidManifest.xml:3:5-43
		INJECTED from src/main/AndroidManifest.xml
		INJECTED from src/main/AndroidManifest.xml
	android:versionName
		INJECTED from src/main/AndroidManifest.xml
		INJECTED from src/main/AndroidManifest.xml
	xmlns:android
		ADDED from src/main/AndroidManifest.xml:2:11-69
	android:versionCode
		INJECTED from src/main/AndroidManifest.xml
		INJECTED from src/main/AndroidManifest.xml
uses-permission#android.permission.NFC
ADDED from src/main/AndroidManifest.xml:5:5-62
	android:name
		ADDED from src/main/AndroidManifest.xml:5:22-59
application
ADDED from src/main/AndroidManifest.xml:7:5-42:19
MERGED from [com.android.support:appcompat-v7:23.0.1] AndroidManifest.xml:22:5-20
MERGED from [com.android.support:support-v4:23.0.1] AndroidManifest.xml:22:5-20
MERGED from [com.android.support:design:23.0.1] AndroidManifest.xml:22:5-20
MERGED from [com.android.support:support-v4:23.0.1] AndroidManifest.xml:22:5-20
MERGED from [com.android.support:appcompat-v7:23.0.1] AndroidManifest.xml:22:5-20
MERGED from [com.android.support:support-v4:23.0.1] AndroidManifest.xml:22:5-20
	android:label
		ADDED from src/main/AndroidManifest.xml:10:9-41
	android:supportsRtl
		ADDED from src/main/AndroidManifest.xml:11:9-35
	android:allowBackup
		ADDED from src/main/AndroidManifest.xml:8:9-35
	android:icon
		ADDED from src/main/AndroidManifest.xml:9:9-43
	android:theme
		ADDED from src/main/AndroidManifest.xml:12:9-40
activity#it.linksmt.android.nfcclient.MainActivity
ADDED from src/main/AndroidManifest.xml:13:9-41:20
	android:label
		ADDED from src/main/AndroidManifest.xml:15:13-45
	android:theme
		ADDED from src/main/AndroidManifest.xml:16:13-56
	android:name
		ADDED from src/main/AndroidManifest.xml:14:13-41
intent-filter#android.intent.action.MAIN+android.intent.category.LAUNCHER
ADDED from src/main/AndroidManifest.xml:17:13-21:29
action#android.intent.action.MAIN
ADDED from src/main/AndroidManifest.xml:18:17-69
	android:name
		ADDED from src/main/AndroidManifest.xml:18:25-66
category#android.intent.category.LAUNCHER
ADDED from src/main/AndroidManifest.xml:20:17-77
	android:name
		ADDED from src/main/AndroidManifest.xml:20:27-74
intent-filter#android.intent.category.DEFAULT+android.nfc.action.TAG_DISCOVERED
ADDED from src/main/AndroidManifest.xml:23:13-26:29
action#android.nfc.action.TAG_DISCOVERED
ADDED from src/main/AndroidManifest.xml:24:17-76
	android:name
		ADDED from src/main/AndroidManifest.xml:24:25-73
category#android.intent.category.DEFAULT
ADDED from src/main/AndroidManifest.xml:25:17-76
	android:name
		ADDED from src/main/AndroidManifest.xml:25:27-73
intent-filter#android.intent.category.DEFAULT+android.nfc.action.NDEF_DISCOVERED
ADDED from src/main/AndroidManifest.xml:28:13-31:29
action#android.nfc.action.NDEF_DISCOVERED
ADDED from src/main/AndroidManifest.xml:29:17-77
	android:name
		ADDED from src/main/AndroidManifest.xml:29:25-74
intent-filter#android.intent.category.DEFAULT+android.nfc.action.TECH_DISCOVERED
ADDED from src/main/AndroidManifest.xml:33:13-36:29
action#android.nfc.action.TECH_DISCOVERED
ADDED from src/main/AndroidManifest.xml:34:17-77
	android:name
		ADDED from src/main/AndroidManifest.xml:34:25-74
meta-data#android.nfc.action.TECH_DISCOVERED
ADDED from src/main/AndroidManifest.xml:38:13-40:54
	android:resource
		ADDED from src/main/AndroidManifest.xml:40:17-51
	android:name
		ADDED from src/main/AndroidManifest.xml:39:17-66
uses-sdk
INJECTED from src/main/AndroidManifest.xml reason: use-sdk injection requested
MERGED from [com.android.support:appcompat-v7:23.0.1] AndroidManifest.xml:20:5-43
MERGED from [com.android.support:support-v4:23.0.1] AndroidManifest.xml:20:5-43
MERGED from [com.android.support:design:23.0.1] AndroidManifest.xml:20:5-43
MERGED from [com.android.support:support-v4:23.0.1] AndroidManifest.xml:20:5-43
MERGED from [com.android.support:appcompat-v7:23.0.1] AndroidManifest.xml:20:5-43
MERGED from [com.android.support:support-v4:23.0.1] AndroidManifest.xml:20:5-43
	android:targetSdkVersion
		INJECTED from src/main/AndroidManifest.xml
		INJECTED from src/main/AndroidManifest.xml
	android:minSdkVersion
		INJECTED from src/main/AndroidManifest.xml
		INJECTED from src/main/AndroidManifest.xml